  MyForm.cpp
D:\study\lab1Nimeric\lab1Nimeric\MyForm.h(1144,57): warning C4566: символ, представленный универсальным именем символа "\u0422", невозможно представить в текущей кодовой странице (1252)
D:\study\lab1Nimeric\lab1Nimeric\MyForm.h(1144,57): warning C4566: символ, представленный универсальным именем символа "\u0435", невозможно представить в текущей кодовой странице (1252)
D:\study\lab1Nimeric\lab1Nimeric\MyForm.h(1144,57): warning C4566: символ, представленный универсальным именем символа "\u0441", невозможно представить в текущей кодовой странице (1252)
D:\study\lab1Nimeric\lab1Nimeric\MyForm.h(1144,57): warning C4566: символ, представленный универсальным именем символа "\u0442", невозможно представить в текущей кодовой странице (1252)
D:\study\lab1Nimeric\lab1Nimeric\MyForm.h(1144,57): warning C4566: символ, представленный универсальным именем символа "\u043E", невозможно представить в текущей кодовой странице (1252)
D:\study\lab1Nimeric\lab1Nimeric\MyForm.h(1144,57): warning C4566: символ, представленный универсальным именем символа "\u0432", невозможно представить в текущей кодовой странице (1252)
D:\study\lab1Nimeric\lab1Nimeric\MyForm.h(1144,57): warning C4566: символ, представленный универсальным именем символа "\u0430", невозможно представить в текущей кодовой странице (1252)
D:\study\lab1Nimeric\lab1Nimeric\MyForm.h(1144,57): warning C4566: символ, представленный универсальным именем символа "\u044F", невозможно представить в текущей кодовой странице (1252)
D:\study\lab1Nimeric\lab1Nimeric\MyForm.h(1154,57): warning C4566: символ, представленный универсальным именем символа "\u041E", невозможно представить в текущей кодовой странице (1252)
D:\study\lab1Nimeric\lab1Nimeric\MyForm.h(1154,57): warning C4566: символ, представленный универсальным именем символа "\u0441", невозможно представить в текущей кодовой странице (1252)
D:\study\lab1Nimeric\lab1Nimeric\MyForm.h(1154,57): warning C4566: символ, представленный универсальным именем символа "\u043D", невозможно представить в текущей кодовой странице (1252)
D:\study\lab1Nimeric\lab1Nimeric\MyForm.h(1154,57): warning C4566: символ, представленный универсальным именем символа "\u043E", невозможно представить в текущей кодовой странице (1252)
D:\study\lab1Nimeric\lab1Nimeric\MyForm.h(1154,57): warning C4566: символ, представленный универсальным именем символа "\u0432", невозможно представить в текущей кодовой странице (1252)
D:\study\lab1Nimeric\lab1Nimeric\MyForm.h(1154,57): warning C4566: символ, представленный универсальным именем символа "\u0430", невозможно представить в текущей кодовой странице (1252)
D:\study\lab1Nimeric\lab1Nimeric\MyForm.h(1154,57): warning C4566: символ, представленный универсальным именем символа "\u044F", невозможно представить в текущей кодовой странице (1252)
D:\study\lab1Nimeric\lab1Nimeric\MyForm.h(1164,57): warning C4566: символ, представленный универсальным именем символа "\u041E", невозможно представить в текущей кодовой странице (1252)
D:\study\lab1Nimeric\lab1Nimeric\MyForm.h(1164,57): warning C4566: символ, представленный универсальным именем символа "\u0441", невозможно представить в текущей кодовой странице (1252)
D:\study\lab1Nimeric\lab1Nimeric\MyForm.h(1164,57): warning C4566: символ, представленный универсальным именем символа "\u043D", невозможно представить в текущей кодовой странице (1252)
D:\study\lab1Nimeric\lab1Nimeric\MyForm.h(1164,57): warning C4566: символ, представленный универсальным именем символа "\u043E", невозможно представить в текущей кодовой странице (1252)
D:\study\lab1Nimeric\lab1Nimeric\MyForm.h(1164,57): warning C4566: символ, представленный универсальным именем символа "\u0432", невозможно представить в текущей кодовой странице (1252)
D:\study\lab1Nimeric\lab1Nimeric\MyForm.h(1164,57): warning C4566: символ, представленный универсальным именем символа "\u0430", невозможно представить в текущей кодовой странице (1252)
D:\study\lab1Nimeric\lab1Nimeric\MyForm.h(1164,57): warning C4566: символ, представленный универсальным именем символа "\u044F", невозможно представить в текущей кодовой странице (1252)
D:\study\lab1Nimeric\lab1Nimeric\MyForm.h(1243,62): warning C4566: символ, представленный универсальным именем символа "\u0422", невозможно представить в текущей кодовой странице (1252)
D:\study\lab1Nimeric\lab1Nimeric\MyForm.h(1243,62): warning C4566: символ, представленный универсальным именем символа "\u0435", невозможно представить в текущей кодовой странице (1252)
D:\study\lab1Nimeric\lab1Nimeric\MyForm.h(1243,62): warning C4566: символ, представленный универсальным именем символа "\u0441", невозможно представить в текущей кодовой странице (1252)
D:\study\lab1Nimeric\lab1Nimeric\MyForm.h(1243,62): warning C4566: символ, представленный универсальным именем символа "\u0442", невозможно представить в текущей кодовой странице (1252)
D:\study\lab1Nimeric\lab1Nimeric\MyForm.h(1243,62): warning C4566: символ, представленный универсальным именем символа "\u043E", невозможно представить в текущей кодовой странице (1252)
D:\study\lab1Nimeric\lab1Nimeric\MyForm.h(1243,62): warning C4566: символ, представленный универсальным именем символа "\u0432", невозможно представить в текущей кодовой странице (1252)
D:\study\lab1Nimeric\lab1Nimeric\MyForm.h(1243,62): warning C4566: символ, представленный универсальным именем символа "\u0430", невозможно представить в текущей кодовой странице (1252)
D:\study\lab1Nimeric\lab1Nimeric\MyForm.h(1243,62): warning C4566: символ, представленный универсальным именем символа "\u044F", невозможно представить в текущей кодовой странице (1252)
D:\study\lab1Nimeric\lab1Nimeric\MyForm.h(1261,26): warning C4566: символ, представленный универсальным именем символа "\u0427", невозможно представить в текущей кодовой странице (1252)
D:\study\lab1Nimeric\lab1Nimeric\MyForm.h(1261,26): warning C4566: символ, представленный универсальным именем символа "\u0438", невозможно представить в текущей кодовой странице (1252)
D:\study\lab1Nimeric\lab1Nimeric\MyForm.h(1261,26): warning C4566: символ, представленный универсальным именем символа "\u0441", невозможно представить в текущей кодовой странице (1252)
D:\study\lab1Nimeric\lab1Nimeric\MyForm.h(1261,26): warning C4566: символ, представленный универсальным именем символа "\u043B", невозможно представить в текущей кодовой странице (1252)
D:\study\lab1Nimeric\lab1Nimeric\MyForm.h(1261,26): warning C4566: символ, представленный универсальным именем символа "\u0435", невозможно представить в текущей кодовой странице (1252)
D:\study\lab1Nimeric\lab1Nimeric\MyForm.h(1261,26): warning C4566: символ, представленный универсальным именем символа "\u043D", невозможно представить в текущей кодовой странице (1252)
D:\study\lab1Nimeric\lab1Nimeric\MyForm.h(1261,26): warning C4566: символ, представленный универсальным именем символа "\u043E", невозможно представить в текущей кодовой странице (1252)
D:\study\lab1Nimeric\lab1Nimeric\MyForm.h(1261,26): warning C4566: символ, представленный универсальным именем символа "\u0440", невозможно представить в текущей кодовой странице (1252)
D:\study\lab1Nimeric\lab1Nimeric\MyForm.h(1261,26): warning C4566: символ, представленный универсальным именем символа "\u0448", невозможно представить в текущей кодовой странице (1252)
D:\study\lab1Nimeric\lab1Nimeric\MyForm.h(1267,26): warning C4566: символ, представленный универсальным именем символа "\u0418", невозможно представить в текущей кодовой странице (1252)
D:\study\lab1Nimeric\lab1Nimeric\MyForm.h(1267,26): warning C4566: символ, представленный универсальным именем символа "\u0441", невозможно представить в текущей кодовой странице (1252)
D:\study\lab1Nimeric\lab1Nimeric\MyForm.h(1267,26): warning C4566: символ, представленный универсальным именем символа "\u0442", невозможно представить в текущей кодовой странице (1252)
D:\study\lab1Nimeric\lab1Nimeric\MyForm.h(1267,26): warning C4566: символ, представленный универсальным именем символа "\u0438", невозможно представить в текущей кодовой странице (1252)
D:\study\lab1Nimeric\lab1Nimeric\MyForm.h(1267,26): warning C4566: символ, представленный универсальным именем символа "\u043D", невозможно представить в текущей кодовой странице (1252)
D:\study\lab1Nimeric\lab1Nimeric\MyForm.h(1267,26): warning C4566: символ, представленный универсальным именем символа "\u043E", невозможно представить в текущей кодовой странице (1252)
D:\study\lab1Nimeric\lab1Nimeric\MyForm.h(1267,26): warning C4566: символ, представленный универсальным именем символа "\u0435", невозможно представить в текущей кодовой странице (1252)
D:\study\lab1Nimeric\lab1Nimeric\MyForm.h(1267,26): warning C4566: символ, представленный универсальным именем символа "\u0440", невозможно представить в текущей кодовой странице (1252)
D:\study\lab1Nimeric\lab1Nimeric\MyForm.h(1267,26): warning C4566: символ, представленный универсальным именем символа "\u0448", невозможно представить в текущей кодовой странице (1252)
D:\study\lab1Nimeric\lab1Nimeric\MyForm.h(1310,27): warning C4566: символ, представленный универсальным именем символа "\u0427", невозможно представить в текущей кодовой странице (1252)
D:\study\lab1Nimeric\lab1Nimeric\MyForm.h(1310,27): warning C4566: символ, представленный универсальным именем символа "\u0438", невозможно представить в текущей кодовой странице (1252)
D:\study\lab1Nimeric\lab1Nimeric\MyForm.h(1310,27): warning C4566: символ, представленный универсальным именем символа "\u0441", невозможно представить в текущей кодовой странице (1252)
D:\study\lab1Nimeric\lab1Nimeric\MyForm.h(1310,27): warning C4566: символ, представленный универсальным именем символа "\u043B", невозможно представить в текущей кодовой странице (1252)
D:\study\lab1Nimeric\lab1Nimeric\MyForm.h(1310,27): warning C4566: символ, представленный универсальным именем символа "\u0435", невозможно представить в текущей кодовой странице (1252)
D:\study\lab1Nimeric\lab1Nimeric\MyForm.h(1310,27): warning C4566: символ, представленный универсальным именем символа "\u043D", невозможно представить в текущей кодовой странице (1252)
D:\study\lab1Nimeric\lab1Nimeric\MyForm.h(1310,27): warning C4566: символ, представленный универсальным именем символа "\u043E", невозможно представить в текущей кодовой странице (1252)
D:\study\lab1Nimeric\lab1Nimeric\MyForm.h(1310,27): warning C4566: символ, представленный универсальным именем символа "\u0440", невозможно представить в текущей кодовой странице (1252)
D:\study\lab1Nimeric\lab1Nimeric\MyForm.h(1310,27): warning C4566: символ, представленный универсальным именем символа "\u0448", невозможно представить в текущей кодовой странице (1252)
D:\study\lab1Nimeric\lab1Nimeric\MyForm.h(1310,27): warning C4566: символ, представленный универсальным именем символа "\u0430", невозможно представить в текущей кодовой странице (1252)
D:\study\lab1Nimeric\lab1Nimeric\MyForm.h(1310,27): warning C4566: символ, представленный универсальным именем символа "\u0433", невозможно представить в текущей кодовой странице (1252)
D:\study\lab1Nimeric\lab1Nimeric\MyForm.h(1310,27): warning C4566: символ, представленный универсальным именем символа "\u043C", невозможно представить в текущей кодовой странице (1252)
D:\study\lab1Nimeric\lab1Nimeric\MyForm.h(1310,27): warning C4566: символ, представленный универсальным именем символа "\u0432", невозможно представить в текущей кодовой странице (1252)
D:\study\lab1Nimeric\lab1Nimeric\MyForm.h(1310,27): warning C4566: символ, представленный универсальным именем символа "\u0437", невозможно представить в текущей кодовой странице (1252)
D:\study\lab1Nimeric\lab1Nimeric\MyForm.h(1310,27): warning C4566: символ, представленный универсальным именем символа "\u044C", невозможно представить в текущей кодовой странице (1252)
D:\study\lab1Nimeric\lab1Nimeric\MyForm.h(1363,63): warning C4566: символ, представленный универсальным именем символа "\u041E", невозможно представить в текущей кодовой странице (1252)
D:\study\lab1Nimeric\lab1Nimeric\MyForm.h(1363,63): warning C4566: символ, представленный универсальным именем символа "\u0441", невозможно представить в текущей кодовой странице (1252)
D:\study\lab1Nimeric\lab1Nimeric\MyForm.h(1363,63): warning C4566: символ, представленный универсальным именем символа "\u043D", невозможно представить в текущей кодовой странице (1252)
D:\study\lab1Nimeric\lab1Nimeric\MyForm.h(1363,63): warning C4566: символ, представленный универсальным именем символа "\u043E", невозможно представить в текущей кодовой странице (1252)
D:\study\lab1Nimeric\lab1Nimeric\MyForm.h(1363,63): warning C4566: символ, представленный универсальным именем символа "\u0432", невозможно представить в текущей кодовой странице (1252)
D:\study\lab1Nimeric\lab1Nimeric\MyForm.h(1363,63): warning C4566: символ, представленный универсальным именем символа "\u0430", невозможно представить в текущей кодовой странице (1252)
D:\study\lab1Nimeric\lab1Nimeric\MyForm.h(1363,63): warning C4566: символ, представленный универсальным именем символа "\u044F", невозможно представить в текущей кодовой странице (1252)
D:\study\lab1Nimeric\lab1Nimeric\MyForm.h(1371,27): warning C4566: символ, представленный универсальным именем символа "\u0427", невозможно представить в текущей кодовой странице (1252)
D:\study\lab1Nimeric\lab1Nimeric\MyForm.h(1371,27): warning C4566: символ, представленный универсальным именем символа "\u0438", невозможно представить в текущей кодовой странице (1252)
D:\study\lab1Nimeric\lab1Nimeric\MyForm.h(1371,27): warning C4566: символ, представленный универсальным именем символа "\u0441", невозможно представить в текущей кодовой странице (1252)
D:\study\lab1Nimeric\lab1Nimeric\MyForm.h(1371,27): warning C4566: символ, представленный универсальным именем символа "\u043B", невозможно представить в текущей кодовой странице (1252)
D:\study\lab1Nimeric\lab1Nimeric\MyForm.h(1371,27): warning C4566: символ, представленный универсальным именем символа "\u0435", невозможно представить в текущей кодовой странице (1252)
D:\study\lab1Nimeric\lab1Nimeric\MyForm.h(1371,27): warning C4566: символ, представленный универсальным именем символа "\u043D", невозможно представить в текущей кодовой странице (1252)
D:\study\lab1Nimeric\lab1Nimeric\MyForm.h(1371,27): warning C4566: символ, представленный универсальным именем символа "\u043E", невозможно представить в текущей кодовой странице (1252)
D:\study\lab1Nimeric\lab1Nimeric\MyForm.h(1371,27): warning C4566: символ, представленный универсальным именем символа "\u0440", невозможно представить в текущей кодовой странице (1252)
D:\study\lab1Nimeric\lab1Nimeric\MyForm.h(1371,27): warning C4566: символ, представленный универсальным именем символа "\u0448", невозможно представить в текущей кодовой странице (1252)
D:\study\lab1Nimeric\lab1Nimeric\MyForm.h(1401,28): warning C4566: символ, представленный универсальным именем символа "\u0427", невозможно представить в текущей кодовой странице (1252)
D:\study\lab1Nimeric\lab1Nimeric\MyForm.h(1401,28): warning C4566: символ, представленный универсальным именем символа "\u0438", невозможно представить в текущей кодовой странице (1252)
D:\study\lab1Nimeric\lab1Nimeric\MyForm.h(1401,28): warning C4566: символ, представленный универсальным именем символа "\u0441", невозможно представить в текущей кодовой странице (1252)
D:\study\lab1Nimeric\lab1Nimeric\MyForm.h(1401,28): warning C4566: символ, представленный универсальным именем символа "\u043B", невозможно представить в текущей кодовой странице (1252)
D:\study\lab1Nimeric\lab1Nimeric\MyForm.h(1401,28): warning C4566: символ, представленный универсальным именем символа "\u0435", невозможно представить в текущей кодовой странице (1252)
D:\study\lab1Nimeric\lab1Nimeric\MyForm.h(1401,28): warning C4566: символ, представленный универсальным именем символа "\u043D", невозможно представить в текущей кодовой странице (1252)
D:\study\lab1Nimeric\lab1Nimeric\MyForm.h(1401,28): warning C4566: символ, представленный универсальным именем символа "\u043E", невозможно представить в текущей кодовой странице (1252)
D:\study\lab1Nimeric\lab1Nimeric\MyForm.h(1401,28): warning C4566: символ, представленный универсальным именем символа "\u0440", невозможно представить в текущей кодовой странице (1252)
D:\study\lab1Nimeric\lab1Nimeric\MyForm.h(1401,28): warning C4566: символ, представленный универсальным именем символа "\u0448", невозможно представить в текущей кодовой странице (1252)
D:\study\lab1Nimeric\lab1Nimeric\MyForm.h(1401,28): warning C4566: символ, представленный универсальным именем символа "\u0430", невозможно представить в текущей кодовой странице (1252)
D:\study\lab1Nimeric\lab1Nimeric\MyForm.h(1401,28): warning C4566: символ, представленный универсальным именем символа "\u0433", невозможно представить в текущей кодовой странице (1252)
D:\study\lab1Nimeric\lab1Nimeric\MyForm.h(1401,28): warning C4566: символ, представленный универсальным именем символа "\u043C", невозможно представить в текущей кодовой странице (1252)
D:\study\lab1Nimeric\lab1Nimeric\MyForm.h(1401,28): warning C4566: символ, представленный универсальным именем символа "\u0432", невозможно представить в текущей кодовой странице (1252)
D:\study\lab1Nimeric\lab1Nimeric\MyForm.h(1401,28): warning C4566: символ, представленный универсальным именем символа "\u0437", невозможно представить в текущей кодовой странице (1252)
D:\study\lab1Nimeric\lab1Nimeric\MyForm.h(1401,28): warning C4566: символ, представленный универсальным именем символа "\u044C", невозможно представить в текущей кодовой странице (1252)
D:\study\lab1Nimeric\lab1Nimeric\MyForm.h(1447,63): warning C4566: символ, представленный универсальным именем символа "\u041E", невозможно представить в текущей кодовой странице (1252)
D:\study\lab1Nimeric\lab1Nimeric\MyForm.h(1447,63): warning C4566: символ, представленный универсальным именем символа "\u0441", невозможно представить в текущей кодовой странице (1252)
D:\study\lab1Nimeric\lab1Nimeric\MyForm.h(1447,63): warning C4566: символ, представленный универсальным именем символа "\u043D", невозможно представить в текущей кодовой странице (1252)
D:\study\lab1Nimeric\lab1Nimeric\MyForm.h(1447,63): warning C4566: символ, представленный универсальным именем символа "\u043E", невозможно представить в текущей кодовой странице (1252)
D:\study\lab1Nimeric\lab1Nimeric\MyForm.h(1447,63): warning C4566: символ, представленный универсальным именем символа "\u0432", невозможно представить в текущей кодовой странице (1252)
D:\study\lab1Nimeric\lab1Nimeric\MyForm.h(1447,63): warning C4566: символ, представленный универсальным именем символа "\u0430", невозможно представить в текущей кодовой странице (1252)
D:\study\lab1Nimeric\lab1Nimeric\MyForm.h(1447,63): warning C4566: символ, представленный универсальным именем символа "\u044F", невозможно представить в текущей кодовой странице (1252)
D:\study\lab1Nimeric\lab1Nimeric\MyForm.h(1458,27): warning C4566: символ, представленный универсальным именем символа "\u0427", невозможно представить в текущей кодовой странице (1252)
D:\study\lab1Nimeric\lab1Nimeric\MyForm.h(1458,27): warning C4566: символ, представленный универсальным именем символа "\u0438", невозможно представить в текущей кодовой странице (1252)
D:\study\lab1Nimeric\lab1Nimeric\MyForm.h(1458,27): warning C4566: символ, представленный универсальным именем символа "\u0441", невозможно представить в текущей кодовой странице (1252)
D:\study\lab1Nimeric\lab1Nimeric\MyForm.h(1458,27): warning C4566: символ, представленный универсальным именем символа "\u043B", невозможно представить в текущей кодовой странице (1252)
D:\study\lab1Nimeric\lab1Nimeric\MyForm.h(1458,27): warning C4566: символ, представленный универсальным именем символа "\u0435", невозможно представить в текущей кодовой странице (1252)
D:\study\lab1Nimeric\lab1Nimeric\MyForm.h(1458,27): warning C4566: символ, представленный универсальным именем символа "\u043D", невозможно представить в текущей кодовой странице (1252)
D:\study\lab1Nimeric\lab1Nimeric\MyForm.h(1458,27): warning C4566: символ, представленный универсальным именем символа "\u043E", невозможно представить в текущей кодовой странице (1252)
D:\study\lab1Nimeric\lab1Nimeric\MyForm.h(1458,27): warning C4566: символ, представленный универсальным именем символа "\u0440", невозможно представить в текущей кодовой странице (1252)
D:\study\lab1Nimeric\lab1Nimeric\MyForm.h(1458,27): warning C4566: символ, представленный универсальным именем символа "\u0448", невозможно представить в текущей кодовой странице (1252)
D:\study\lab1Nimeric\lab1Nimeric\MyForm.h(1520,28): warning C4566: символ, представленный универсальным именем символа "\u0427", невозможно представить в текущей кодовой странице (1252)
D:\study\lab1Nimeric\lab1Nimeric\MyForm.h(1520,28): warning C4566: символ, представленный универсальным именем символа "\u0438", невозможно представить в текущей кодовой странице (1252)
D:\study\lab1Nimeric\lab1Nimeric\MyForm.h(1520,28): warning C4566: символ, представленный универсальным именем символа "\u0441", невозможно представить в текущей кодовой странице (1252)
D:\study\lab1Nimeric\lab1Nimeric\MyForm.h(1520,28): warning C4566: символ, представленный универсальным именем символа "\u043B", невозможно представить в текущей кодовой странице (1252)
D:\study\lab1Nimeric\lab1Nimeric\MyForm.h(1520,28): warning C4566: символ, представленный универсальным именем символа "\u0435", невозможно представить в текущей кодовой странице (1252)
D:\study\lab1Nimeric\lab1Nimeric\MyForm.h(1520,28): warning C4566: символ, представленный универсальным именем символа "\u043D", невозможно представить в текущей кодовой странице (1252)
D:\study\lab1Nimeric\lab1Nimeric\MyForm.h(1520,28): warning C4566: символ, представленный универсальным именем символа "\u043E", невозможно представить в текущей кодовой странице (1252)
D:\study\lab1Nimeric\lab1Nimeric\MyForm.h(1520,28): warning C4566: символ, представленный универсальным именем символа "\u0440", невозможно представить в текущей кодовой странице (1252)
D:\study\lab1Nimeric\lab1Nimeric\MyForm.h(1520,28): warning C4566: символ, представленный универсальным именем символа "\u0448", невозможно представить в текущей кодовой странице (1252)
D:\study\lab1Nimeric\lab1Nimeric\MyForm.h(1520,28): warning C4566: символ, представленный универсальным именем символа "\u0430", невозможно представить в текущей кодовой странице (1252)
D:\study\lab1Nimeric\lab1Nimeric\MyForm.h(1520,28): warning C4566: символ, представленный универсальным именем символа "\u0433", невозможно представить в текущей кодовой странице (1252)
D:\study\lab1Nimeric\lab1Nimeric\MyForm.h(1520,28): warning C4566: символ, представленный универсальным именем символа "\u043C", невозможно представить в текущей кодовой странице (1252)
D:\study\lab1Nimeric\lab1Nimeric\MyForm.h(1520,28): warning C4566: символ, представленный универсальным именем символа "\u0432", невозможно представить в текущей кодовой странице (1252)
D:\study\lab1Nimeric\lab1Nimeric\MyForm.h(1520,28): warning C4566: символ, представленный универсальным именем символа "\u0437", невозможно представить в текущей кодовой странице (1252)
D:\study\lab1Nimeric\lab1Nimeric\MyForm.h(1520,28): warning C4566: символ, представленный универсальным именем символа "\u044C", невозможно представить в текущей кодовой странице (1252)
D:\study\lab1Nimeric\lab1Nimeric\MyForm.h(1615,63): warning C4566: символ, представленный универсальным именем символа "\u0422", невозможно представить в текущей кодовой странице (1252)
D:\study\lab1Nimeric\lab1Nimeric\MyForm.h(1615,63): warning C4566: символ, представленный универсальным именем символа "\u0435", невозможно представить в текущей кодовой странице (1252)
D:\study\lab1Nimeric\lab1Nimeric\MyForm.h(1615,63): warning C4566: символ, представленный универсальным именем символа "\u0441", невозможно представить в текущей кодовой странице (1252)
D:\study\lab1Nimeric\lab1Nimeric\MyForm.h(1615,63): warning C4566: символ, представленный универсальным именем символа "\u0442", невозможно представить в текущей кодовой странице (1252)
D:\study\lab1Nimeric\lab1Nimeric\MyForm.h(1615,63): warning C4566: символ, представленный универсальным именем символа "\u043E", невозможно представить в текущей кодовой странице (1252)
D:\study\lab1Nimeric\lab1Nimeric\MyForm.h(1615,63): warning C4566: символ, представленный универсальным именем символа "\u0432", невозможно представить в текущей кодовой странице (1252)
D:\study\lab1Nimeric\lab1Nimeric\MyForm.h(1615,63): warning C4566: символ, представленный универсальным именем символа "\u0430", невозможно представить в текущей кодовой странице (1252)
D:\study\lab1Nimeric\lab1Nimeric\MyForm.h(1615,63): warning C4566: символ, представленный универсальным именем символа "\u044F", невозможно представить в текущей кодовой странице (1252)
D:\study\lab1Nimeric\lab1Nimeric\MyForm.h(1621,63): warning C4566: символ, представленный универсальным именем символа "\u041E", невозможно представить в текущей кодовой странице (1252)
D:\study\lab1Nimeric\lab1Nimeric\MyForm.h(1621,63): warning C4566: символ, представленный универсальным именем символа "\u0441", невозможно представить в текущей кодовой странице (1252)
D:\study\lab1Nimeric\lab1Nimeric\MyForm.h(1621,63): warning C4566: символ, представленный универсальным именем символа "\u043D", невозможно представить в текущей кодовой странице (1252)
D:\study\lab1Nimeric\lab1Nimeric\MyForm.h(1621,63): warning C4566: символ, представленный универсальным именем символа "\u043E", невозможно представить в текущей кодовой странице (1252)
D:\study\lab1Nimeric\lab1Nimeric\MyForm.h(1621,63): warning C4566: символ, представленный универсальным именем символа "\u0432", невозможно представить в текущей кодовой странице (1252)
D:\study\lab1Nimeric\lab1Nimeric\MyForm.h(1621,63): warning C4566: символ, представленный универсальным именем символа "\u0430", невозможно представить в текущей кодовой странице (1252)
D:\study\lab1Nimeric\lab1Nimeric\MyForm.h(1621,63): warning C4566: символ, представленный универсальным именем символа "\u044F", невозможно представить в текущей кодовой странице (1252)
D:\study\lab1Nimeric\lab1Nimeric\MyForm.h(1633,61): warning C4566: символ, представленный универсальным именем символа "\u041E", невозможно представить в текущей кодовой странице (1252)
D:\study\lab1Nimeric\lab1Nimeric\MyForm.h(1633,61): warning C4566: символ, представленный универсальным именем символа "\u0441", невозможно представить в текущей кодовой странице (1252)
D:\study\lab1Nimeric\lab1Nimeric\MyForm.h(1633,61): warning C4566: символ, представленный универсальным именем символа "\u043D", невозможно представить в текущей кодовой странице (1252)
D:\study\lab1Nimeric\lab1Nimeric\MyForm.h(1633,61): warning C4566: символ, представленный универсальным именем символа "\u043E", невозможно представить в текущей кодовой странице (1252)
D:\study\lab1Nimeric\lab1Nimeric\MyForm.h(1633,61): warning C4566: символ, представленный универсальным именем символа "\u0432", невозможно представить в текущей кодовой странице (1252)
D:\study\lab1Nimeric\lab1Nimeric\MyForm.h(1633,61): warning C4566: символ, представленный универсальным именем символа "\u0430", невозможно представить в текущей кодовой странице (1252)
D:\study\lab1Nimeric\lab1Nimeric\MyForm.h(1633,61): warning C4566: символ, представленный универсальным именем символа "\u044F", невозможно представить в текущей кодовой странице (1252)
D:\study\lab1Nimeric\lab1Nimeric\MyForm.h(1672,61): warning C4566: символ, представленный универсальным именем символа "\u0422", невозможно представить в текущей кодовой странице (1252)
D:\study\lab1Nimeric\lab1Nimeric\MyForm.h(1672,61): warning C4566: символ, представленный универсальным именем символа "\u0435", невозможно представить в текущей кодовой странице (1252)
D:\study\lab1Nimeric\lab1Nimeric\MyForm.h(1672,61): warning C4566: символ, представленный универсальным именем символа "\u0441", невозможно представить в текущей кодовой странице (1252)
D:\study\lab1Nimeric\lab1Nimeric\MyForm.h(1672,61): warning C4566: символ, представленный универсальным именем символа "\u0442", невозможно представить в текущей кодовой странице (1252)
D:\study\lab1Nimeric\lab1Nimeric\MyForm.h(1672,61): warning C4566: символ, представленный универсальным именем символа "\u043E", невозможно представить в текущей кодовой странице (1252)
D:\study\lab1Nimeric\lab1Nimeric\MyForm.h(1672,61): warning C4566: символ, представленный универсальным именем символа "\u0432", невозможно представить в текущей кодовой странице (1252)
D:\study\lab1Nimeric\lab1Nimeric\MyForm.h(1672,61): warning C4566: символ, представленный универсальным именем символа "\u0430", невозможно представить в текущей кодовой странице (1252)
D:\study\lab1Nimeric\lab1Nimeric\MyForm.h(1672,61): warning C4566: символ, представленный универсальным именем символа "\u044F", невозможно представить в текущей кодовой странице (1252)
D:\study\lab1Nimeric\lab1Nimeric\MyForm.h(1676,61): warning C4566: символ, представленный универсальным именем символа "\u041E", невозможно представить в текущей кодовой странице (1252)
D:\study\lab1Nimeric\lab1Nimeric\MyForm.h(1676,61): warning C4566: символ, представленный универсальным именем символа "\u0441", невозможно представить в текущей кодовой странице (1252)
D:\study\lab1Nimeric\lab1Nimeric\MyForm.h(1676,61): warning C4566: символ, представленный универсальным именем символа "\u043D", невозможно представить в текущей кодовой странице (1252)
D:\study\lab1Nimeric\lab1Nimeric\MyForm.h(1676,61): warning C4566: символ, представленный универсальным именем символа "\u043E", невозможно представить в текущей кодовой странице (1252)
D:\study\lab1Nimeric\lab1Nimeric\MyForm.h(1676,61): warning C4566: символ, представленный универсальным именем символа "\u0432", невозможно представить в текущей кодовой странице (1252)
D:\study\lab1Nimeric\lab1Nimeric\MyForm.h(1676,61): warning C4566: символ, представленный универсальным именем символа "\u0430", невозможно представить в текущей кодовой странице (1252)
D:\study\lab1Nimeric\lab1Nimeric\MyForm.h(1676,61): warning C4566: символ, представленный универсальным именем символа "\u044F", невозможно представить в текущей кодовой странице (1252)
D:\study\lab1Nimeric\lab1Nimeric\MyForm.h(1244,79): warning C4244: аргумент: преобразование "double" в "int", возможна потеря данных
D:\study\lab1Nimeric\lab1Nimeric\MyForm.h(1298,1): warning C4267: инициализация: преобразование из "size_t" в "int"; возможна потеря данных
D:\study\lab1Nimeric\lab1Nimeric\MyForm.h(1357,1): warning C4267: инициализация: преобразование из "size_t" в "int"; возможна потеря данных
D:\study\lab1Nimeric\lab1Nimeric\MyForm.h(1364,86): warning C4244: аргумент: преобразование "double" в "int", возможна потеря данных
D:\study\lab1Nimeric\lab1Nimeric\MyForm.h(1391,1): warning C4267: инициализация: преобразование из "size_t" в "int"; возможна потеря данных
D:\study\lab1Nimeric\lab1Nimeric\MyForm.h(1451,109): warning C4244: аргумент: преобразование "double" в "int", возможна потеря данных
D:\study\lab1Nimeric\lab1Nimeric\MyForm.h(1483,1): warning C4267: инициализация: преобразование из "size_t" в "int"; возможна потеря данных
  equations.cpp
D:\study\lab1Nimeric\lab1Nimeric\MyForm.h(1144,57): warning C4566: символ, представленный универсальным именем символа "\u0422", невозможно представить в текущей кодовой странице (1252)
D:\study\lab1Nimeric\lab1Nimeric\MyForm.h(1144,57): warning C4566: символ, представленный универсальным именем символа "\u0435", невозможно представить в текущей кодовой странице (1252)
D:\study\lab1Nimeric\lab1Nimeric\MyForm.h(1144,57): warning C4566: символ, представленный универсальным именем символа "\u0441", невозможно представить в текущей кодовой странице (1252)
D:\study\lab1Nimeric\lab1Nimeric\MyForm.h(1144,57): warning C4566: символ, представленный универсальным именем символа "\u0442", невозможно представить в текущей кодовой странице (1252)
D:\study\lab1Nimeric\lab1Nimeric\MyForm.h(1144,57): warning C4566: символ, представленный универсальным именем символа "\u043E", невозможно представить в текущей кодовой странице (1252)
D:\study\lab1Nimeric\lab1Nimeric\MyForm.h(1144,57): warning C4566: символ, представленный универсальным именем символа "\u0432", невозможно представить в текущей кодовой странице (1252)
D:\study\lab1Nimeric\lab1Nimeric\MyForm.h(1144,57): warning C4566: символ, представленный универсальным именем символа "\u0430", невозможно представить в текущей кодовой странице (1252)
D:\study\lab1Nimeric\lab1Nimeric\MyForm.h(1144,57): warning C4566: символ, представленный универсальным именем символа "\u044F", невозможно представить в текущей кодовой странице (1252)
D:\study\lab1Nimeric\lab1Nimeric\MyForm.h(1154,57): warning C4566: символ, представленный универсальным именем символа "\u041E", невозможно представить в текущей кодовой странице (1252)
D:\study\lab1Nimeric\lab1Nimeric\MyForm.h(1154,57): warning C4566: символ, представленный универсальным именем символа "\u0441", невозможно представить в текущей кодовой странице (1252)
D:\study\lab1Nimeric\lab1Nimeric\MyForm.h(1154,57): warning C4566: символ, представленный универсальным именем символа "\u043D", невозможно представить в текущей кодовой странице (1252)
D:\study\lab1Nimeric\lab1Nimeric\MyForm.h(1154,57): warning C4566: символ, представленный универсальным именем символа "\u043E", невозможно представить в текущей кодовой странице (1252)
D:\study\lab1Nimeric\lab1Nimeric\MyForm.h(1154,57): warning C4566: символ, представленный универсальным именем символа "\u0432", невозможно представить в текущей кодовой странице (1252)
D:\study\lab1Nimeric\lab1Nimeric\MyForm.h(1154,57): warning C4566: символ, представленный универсальным именем символа "\u0430", невозможно представить в текущей кодовой странице (1252)
D:\study\lab1Nimeric\lab1Nimeric\MyForm.h(1154,57): warning C4566: символ, представленный универсальным именем символа "\u044F", невозможно представить в текущей кодовой странице (1252)
D:\study\lab1Nimeric\lab1Nimeric\MyForm.h(1164,57): warning C4566: символ, представленный универсальным именем символа "\u041E", невозможно представить в текущей кодовой странице (1252)
D:\study\lab1Nimeric\lab1Nimeric\MyForm.h(1164,57): warning C4566: символ, представленный универсальным именем символа "\u0441", невозможно представить в текущей кодовой странице (1252)
D:\study\lab1Nimeric\lab1Nimeric\MyForm.h(1164,57): warning C4566: символ, представленный универсальным именем символа "\u043D", невозможно представить в текущей кодовой странице (1252)
D:\study\lab1Nimeric\lab1Nimeric\MyForm.h(1164,57): warning C4566: символ, представленный универсальным именем символа "\u043E", невозможно представить в текущей кодовой странице (1252)
D:\study\lab1Nimeric\lab1Nimeric\MyForm.h(1164,57): warning C4566: символ, представленный универсальным именем символа "\u0432", невозможно представить в текущей кодовой странице (1252)
D:\study\lab1Nimeric\lab1Nimeric\MyForm.h(1164,57): warning C4566: символ, представленный универсальным именем символа "\u0430", невозможно представить в текущей кодовой странице (1252)
D:\study\lab1Nimeric\lab1Nimeric\MyForm.h(1164,57): warning C4566: символ, представленный универсальным именем символа "\u044F", невозможно представить в текущей кодовой странице (1252)
D:\study\lab1Nimeric\lab1Nimeric\MyForm.h(1243,62): warning C4566: символ, представленный универсальным именем символа "\u0422", невозможно представить в текущей кодовой странице (1252)
D:\study\lab1Nimeric\lab1Nimeric\MyForm.h(1243,62): warning C4566: символ, представленный универсальным именем символа "\u0435", невозможно представить в текущей кодовой странице (1252)
D:\study\lab1Nimeric\lab1Nimeric\MyForm.h(1243,62): warning C4566: символ, представленный универсальным именем символа "\u0441", невозможно представить в текущей кодовой странице (1252)
D:\study\lab1Nimeric\lab1Nimeric\MyForm.h(1243,62): warning C4566: символ, представленный универсальным именем символа "\u0442", невозможно представить в текущей кодовой странице (1252)
D:\study\lab1Nimeric\lab1Nimeric\MyForm.h(1243,62): warning C4566: символ, представленный универсальным именем символа "\u043E", невозможно представить в текущей кодовой странице (1252)
D:\study\lab1Nimeric\lab1Nimeric\MyForm.h(1243,62): warning C4566: символ, представленный универсальным именем символа "\u0432", невозможно представить в текущей кодовой странице (1252)
D:\study\lab1Nimeric\lab1Nimeric\MyForm.h(1243,62): warning C4566: символ, представленный универсальным именем символа "\u0430", невозможно представить в текущей кодовой странице (1252)
D:\study\lab1Nimeric\lab1Nimeric\MyForm.h(1243,62): warning C4566: символ, представленный универсальным именем символа "\u044F", невозможно представить в текущей кодовой странице (1252)
D:\study\lab1Nimeric\lab1Nimeric\MyForm.h(1261,26): warning C4566: символ, представленный универсальным именем символа "\u0427", невозможно представить в текущей кодовой странице (1252)
D:\study\lab1Nimeric\lab1Nimeric\MyForm.h(1261,26): warning C4566: символ, представленный универсальным именем символа "\u0438", невозможно представить в текущей кодовой странице (1252)
D:\study\lab1Nimeric\lab1Nimeric\MyForm.h(1261,26): warning C4566: символ, представленный универсальным именем символа "\u0441", невозможно представить в текущей кодовой странице (1252)
D:\study\lab1Nimeric\lab1Nimeric\MyForm.h(1261,26): warning C4566: символ, представленный универсальным именем символа "\u043B", невозможно представить в текущей кодовой странице (1252)
D:\study\lab1Nimeric\lab1Nimeric\MyForm.h(1261,26): warning C4566: символ, представленный универсальным именем символа "\u0435", невозможно представить в текущей кодовой странице (1252)
D:\study\lab1Nimeric\lab1Nimeric\MyForm.h(1261,26): warning C4566: символ, представленный универсальным именем символа "\u043D", невозможно представить в текущей кодовой странице (1252)
D:\study\lab1Nimeric\lab1Nimeric\MyForm.h(1261,26): warning C4566: символ, представленный универсальным именем символа "\u043E", невозможно представить в текущей кодовой странице (1252)
D:\study\lab1Nimeric\lab1Nimeric\MyForm.h(1261,26): warning C4566: символ, представленный универсальным именем символа "\u0440", невозможно представить в текущей кодовой странице (1252)
D:\study\lab1Nimeric\lab1Nimeric\MyForm.h(1261,26): warning C4566: символ, представленный универсальным именем символа "\u0448", невозможно представить в текущей кодовой странице (1252)
D:\study\lab1Nimeric\lab1Nimeric\MyForm.h(1267,26): warning C4566: символ, представленный универсальным именем символа "\u0418", невозможно представить в текущей кодовой странице (1252)
D:\study\lab1Nimeric\lab1Nimeric\MyForm.h(1267,26): warning C4566: символ, представленный универсальным именем символа "\u0441", невозможно представить в текущей кодовой странице (1252)
D:\study\lab1Nimeric\lab1Nimeric\MyForm.h(1267,26): warning C4566: символ, представленный универсальным именем символа "\u0442", невозможно представить в текущей кодовой странице (1252)
D:\study\lab1Nimeric\lab1Nimeric\MyForm.h(1267,26): warning C4566: символ, представленный универсальным именем символа "\u0438", невозможно представить в текущей кодовой странице (1252)
D:\study\lab1Nimeric\lab1Nimeric\MyForm.h(1267,26): warning C4566: символ, представленный универсальным именем символа "\u043D", невозможно представить в текущей кодовой странице (1252)
D:\study\lab1Nimeric\lab1Nimeric\MyForm.h(1267,26): warning C4566: символ, представленный универсальным именем символа "\u043E", невозможно представить в текущей кодовой странице (1252)
D:\study\lab1Nimeric\lab1Nimeric\MyForm.h(1267,26): warning C4566: символ, представленный универсальным именем символа "\u0435", невозможно представить в текущей кодовой странице (1252)
D:\study\lab1Nimeric\lab1Nimeric\MyForm.h(1267,26): warning C4566: символ, представленный универсальным именем символа "\u0440", невозможно представить в текущей кодовой странице (1252)
D:\study\lab1Nimeric\lab1Nimeric\MyForm.h(1267,26): warning C4566: символ, представленный универсальным именем символа "\u0448", невозможно представить в текущей кодовой странице (1252)
D:\study\lab1Nimeric\lab1Nimeric\MyForm.h(1310,27): warning C4566: символ, представленный универсальным именем символа "\u0427", невозможно представить в текущей кодовой странице (1252)
D:\study\lab1Nimeric\lab1Nimeric\MyForm.h(1310,27): warning C4566: символ, представленный универсальным именем символа "\u0438", невозможно представить в текущей кодовой странице (1252)
D:\study\lab1Nimeric\lab1Nimeric\MyForm.h(1310,27): warning C4566: символ, представленный универсальным именем символа "\u0441", невозможно представить в текущей кодовой странице (1252)
D:\study\lab1Nimeric\lab1Nimeric\MyForm.h(1310,27): warning C4566: символ, представленный универсальным именем символа "\u043B", невозможно представить в текущей кодовой странице (1252)
D:\study\lab1Nimeric\lab1Nimeric\MyForm.h(1310,27): warning C4566: символ, представленный универсальным именем символа "\u0435", невозможно представить в текущей кодовой странице (1252)
D:\study\lab1Nimeric\lab1Nimeric\MyForm.h(1310,27): warning C4566: символ, представленный универсальным именем символа "\u043D", невозможно представить в текущей кодовой странице (1252)
D:\study\lab1Nimeric\lab1Nimeric\MyForm.h(1310,27): warning C4566: символ, представленный универсальным именем символа "\u043E", невозможно представить в текущей кодовой странице (1252)
D:\study\lab1Nimeric\lab1Nimeric\MyForm.h(1310,27): warning C4566: символ, представленный универсальным именем символа "\u0440", невозможно представить в текущей кодовой странице (1252)
D:\study\lab1Nimeric\lab1Nimeric\MyForm.h(1310,27): warning C4566: символ, представленный универсальным именем символа "\u0448", невозможно представить в текущей кодовой странице (1252)
D:\study\lab1Nimeric\lab1Nimeric\MyForm.h(1310,27): warning C4566: символ, представленный универсальным именем символа "\u0430", невозможно представить в текущей кодовой странице (1252)
D:\study\lab1Nimeric\lab1Nimeric\MyForm.h(1310,27): warning C4566: символ, представленный универсальным именем символа "\u0433", невозможно представить в текущей кодовой странице (1252)
D:\study\lab1Nimeric\lab1Nimeric\MyForm.h(1310,27): warning C4566: символ, представленный универсальным именем символа "\u043C", невозможно представить в текущей кодовой странице (1252)
D:\study\lab1Nimeric\lab1Nimeric\MyForm.h(1310,27): warning C4566: символ, представленный универсальным именем символа "\u0432", невозможно представить в текущей кодовой странице (1252)
D:\study\lab1Nimeric\lab1Nimeric\MyForm.h(1310,27): warning C4566: символ, представленный универсальным именем символа "\u0437", невозможно представить в текущей кодовой странице (1252)
D:\study\lab1Nimeric\lab1Nimeric\MyForm.h(1310,27): warning C4566: символ, представленный универсальным именем символа "\u044C", невозможно представить в текущей кодовой странице (1252)
D:\study\lab1Nimeric\lab1Nimeric\MyForm.h(1363,63): warning C4566: символ, представленный универсальным именем символа "\u041E", невозможно представить в текущей кодовой странице (1252)
D:\study\lab1Nimeric\lab1Nimeric\MyForm.h(1363,63): warning C4566: символ, представленный универсальным именем символа "\u0441", невозможно представить в текущей кодовой странице (1252)
D:\study\lab1Nimeric\lab1Nimeric\MyForm.h(1363,63): warning C4566: символ, представленный универсальным именем символа "\u043D", невозможно представить в текущей кодовой странице (1252)
D:\study\lab1Nimeric\lab1Nimeric\MyForm.h(1363,63): warning C4566: символ, представленный универсальным именем символа "\u043E", невозможно представить в текущей кодовой странице (1252)
D:\study\lab1Nimeric\lab1Nimeric\MyForm.h(1363,63): warning C4566: символ, представленный универсальным именем символа "\u0432", невозможно представить в текущей кодовой странице (1252)
D:\study\lab1Nimeric\lab1Nimeric\MyForm.h(1363,63): warning C4566: символ, представленный универсальным именем символа "\u0430", невозможно представить в текущей кодовой странице (1252)
D:\study\lab1Nimeric\lab1Nimeric\MyForm.h(1363,63): warning C4566: символ, представленный универсальным именем символа "\u044F", невозможно представить в текущей кодовой странице (1252)
D:\study\lab1Nimeric\lab1Nimeric\MyForm.h(1371,27): warning C4566: символ, представленный универсальным именем символа "\u0427", невозможно представить в текущей кодовой странице (1252)
D:\study\lab1Nimeric\lab1Nimeric\MyForm.h(1371,27): warning C4566: символ, представленный универсальным именем символа "\u0438", невозможно представить в текущей кодовой странице (1252)
D:\study\lab1Nimeric\lab1Nimeric\MyForm.h(1371,27): warning C4566: символ, представленный универсальным именем символа "\u0441", невозможно представить в текущей кодовой странице (1252)
D:\study\lab1Nimeric\lab1Nimeric\MyForm.h(1371,27): warning C4566: символ, представленный универсальным именем символа "\u043B", невозможно представить в текущей кодовой странице (1252)
D:\study\lab1Nimeric\lab1Nimeric\MyForm.h(1371,27): warning C4566: символ, представленный универсальным именем символа "\u0435", невозможно представить в текущей кодовой странице (1252)
D:\study\lab1Nimeric\lab1Nimeric\MyForm.h(1371,27): warning C4566: символ, представленный универсальным именем символа "\u043D", невозможно представить в текущей кодовой странице (1252)
D:\study\lab1Nimeric\lab1Nimeric\MyForm.h(1371,27): warning C4566: символ, представленный универсальным именем символа "\u043E", невозможно представить в текущей кодовой странице (1252)
D:\study\lab1Nimeric\lab1Nimeric\MyForm.h(1371,27): warning C4566: символ, представленный универсальным именем символа "\u0440", невозможно представить в текущей кодовой странице (1252)
D:\study\lab1Nimeric\lab1Nimeric\MyForm.h(1371,27): warning C4566: символ, представленный универсальным именем символа "\u0448", невозможно представить в текущей кодовой странице (1252)
D:\study\lab1Nimeric\lab1Nimeric\MyForm.h(1401,28): warning C4566: символ, представленный универсальным именем символа "\u0427", невозможно представить в текущей кодовой странице (1252)
D:\study\lab1Nimeric\lab1Nimeric\MyForm.h(1401,28): warning C4566: символ, представленный универсальным именем символа "\u0438", невозможно представить в текущей кодовой странице (1252)
D:\study\lab1Nimeric\lab1Nimeric\MyForm.h(1401,28): warning C4566: символ, представленный универсальным именем символа "\u0441", невозможно представить в текущей кодовой странице (1252)
D:\study\lab1Nimeric\lab1Nimeric\MyForm.h(1401,28): warning C4566: символ, представленный универсальным именем символа "\u043B", невозможно представить в текущей кодовой странице (1252)
D:\study\lab1Nimeric\lab1Nimeric\MyForm.h(1401,28): warning C4566: символ, представленный универсальным именем символа "\u0435", невозможно представить в текущей кодовой странице (1252)
D:\study\lab1Nimeric\lab1Nimeric\MyForm.h(1401,28): warning C4566: символ, представленный универсальным именем символа "\u043D", невозможно представить в текущей кодовой странице (1252)
D:\study\lab1Nimeric\lab1Nimeric\MyForm.h(1401,28): warning C4566: символ, представленный универсальным именем символа "\u043E", невозможно представить в текущей кодовой странице (1252)
D:\study\lab1Nimeric\lab1Nimeric\MyForm.h(1401,28): warning C4566: символ, представленный универсальным именем символа "\u0440", невозможно представить в текущей кодовой странице (1252)
D:\study\lab1Nimeric\lab1Nimeric\MyForm.h(1401,28): warning C4566: символ, представленный универсальным именем символа "\u0448", невозможно представить в текущей кодовой странице (1252)
D:\study\lab1Nimeric\lab1Nimeric\MyForm.h(1401,28): warning C4566: символ, представленный универсальным именем символа "\u0430", невозможно представить в текущей кодовой странице (1252)
D:\study\lab1Nimeric\lab1Nimeric\MyForm.h(1401,28): warning C4566: символ, представленный универсальным именем символа "\u0433", невозможно представить в текущей кодовой странице (1252)
D:\study\lab1Nimeric\lab1Nimeric\MyForm.h(1401,28): warning C4566: символ, представленный универсальным именем символа "\u043C", невозможно представить в текущей кодовой странице (1252)
D:\study\lab1Nimeric\lab1Nimeric\MyForm.h(1401,28): warning C4566: символ, представленный универсальным именем символа "\u0432", невозможно представить в текущей кодовой странице (1252)
D:\study\lab1Nimeric\lab1Nimeric\MyForm.h(1401,28): warning C4566: символ, представленный универсальным именем символа "\u0437", невозможно представить в текущей кодовой странице (1252)
D:\study\lab1Nimeric\lab1Nimeric\MyForm.h(1401,28): warning C4566: символ, представленный универсальным именем символа "\u044C", невозможно представить в текущей кодовой странице (1252)
D:\study\lab1Nimeric\lab1Nimeric\MyForm.h(1447,63): warning C4566: символ, представленный универсальным именем символа "\u041E", невозможно представить в текущей кодовой странице (1252)
D:\study\lab1Nimeric\lab1Nimeric\MyForm.h(1447,63): warning C4566: символ, представленный универсальным именем символа "\u0441", невозможно представить в текущей кодовой странице (1252)
D:\study\lab1Nimeric\lab1Nimeric\MyForm.h(1447,63): warning C4566: символ, представленный универсальным именем символа "\u043D", невозможно представить в текущей кодовой странице (1252)
D:\study\lab1Nimeric\lab1Nimeric\MyForm.h(1447,63): warning C4566: символ, представленный универсальным именем символа "\u043E", невозможно представить в текущей кодовой странице (1252)
D:\study\lab1Nimeric\lab1Nimeric\MyForm.h(1447,63): warning C4566: символ, представленный универсальным именем символа "\u0432", невозможно представить в текущей кодовой странице (1252)
D:\study\lab1Nimeric\lab1Nimeric\MyForm.h(1447,63): warning C4566: символ, представленный универсальным именем символа "\u0430", невозможно представить в текущей кодовой странице (1252)
D:\study\lab1Nimeric\lab1Nimeric\MyForm.h(1447,63): warning C4566: символ, представленный универсальным именем символа "\u044F", невозможно представить в текущей кодовой странице (1252)
D:\study\lab1Nimeric\lab1Nimeric\MyForm.h(1458,27): warning C4566: символ, представленный универсальным именем символа "\u0427", невозможно представить в текущей кодовой странице (1252)
D:\study\lab1Nimeric\lab1Nimeric\MyForm.h(1458,27): warning C4566: символ, представленный универсальным именем символа "\u0438", невозможно представить в текущей кодовой странице (1252)
D:\study\lab1Nimeric\lab1Nimeric\MyForm.h(1458,27): warning C4566: символ, представленный универсальным именем символа "\u0441", невозможно представить в текущей кодовой странице (1252)
D:\study\lab1Nimeric\lab1Nimeric\MyForm.h(1458,27): warning C4566: символ, представленный универсальным именем символа "\u043B", невозможно представить в текущей кодовой странице (1252)
D:\study\lab1Nimeric\lab1Nimeric\MyForm.h(1458,27): warning C4566: символ, представленный универсальным именем символа "\u0435", невозможно представить в текущей кодовой странице (1252)
D:\study\lab1Nimeric\lab1Nimeric\MyForm.h(1458,27): warning C4566: символ, представленный универсальным именем символа "\u043D", невозможно представить в текущей кодовой странице (1252)
D:\study\lab1Nimeric\lab1Nimeric\MyForm.h(1458,27): warning C4566: символ, представленный универсальным именем символа "\u043E", невозможно представить в текущей кодовой странице (1252)
D:\study\lab1Nimeric\lab1Nimeric\MyForm.h(1458,27): warning C4566: символ, представленный универсальным именем символа "\u0440", невозможно представить в текущей кодовой странице (1252)
D:\study\lab1Nimeric\lab1Nimeric\MyForm.h(1458,27): warning C4566: символ, представленный универсальным именем символа "\u0448", невозможно представить в текущей кодовой странице (1252)
D:\study\lab1Nimeric\lab1Nimeric\MyForm.h(1520,28): warning C4566: символ, представленный универсальным именем символа "\u0427", невозможно представить в текущей кодовой странице (1252)
D:\study\lab1Nimeric\lab1Nimeric\MyForm.h(1520,28): warning C4566: символ, представленный универсальным именем символа "\u0438", невозможно представить в текущей кодовой странице (1252)
D:\study\lab1Nimeric\lab1Nimeric\MyForm.h(1520,28): warning C4566: символ, представленный универсальным именем символа "\u0441", невозможно представить в текущей кодовой странице (1252)
D:\study\lab1Nimeric\lab1Nimeric\MyForm.h(1520,28): warning C4566: символ, представленный универсальным именем символа "\u043B", невозможно представить в текущей кодовой странице (1252)
D:\study\lab1Nimeric\lab1Nimeric\MyForm.h(1520,28): warning C4566: символ, представленный универсальным именем символа "\u0435", невозможно представить в текущей кодовой странице (1252)
D:\study\lab1Nimeric\lab1Nimeric\MyForm.h(1520,28): warning C4566: символ, представленный универсальным именем символа "\u043D", невозможно представить в текущей кодовой странице (1252)
D:\study\lab1Nimeric\lab1Nimeric\MyForm.h(1520,28): warning C4566: символ, представленный универсальным именем символа "\u043E", невозможно представить в текущей кодовой странице (1252)
D:\study\lab1Nimeric\lab1Nimeric\MyForm.h(1520,28): warning C4566: символ, представленный универсальным именем символа "\u0440", невозможно представить в текущей кодовой странице (1252)
D:\study\lab1Nimeric\lab1Nimeric\MyForm.h(1520,28): warning C4566: символ, представленный универсальным именем символа "\u0448", невозможно представить в текущей кодовой странице (1252)
D:\study\lab1Nimeric\lab1Nimeric\MyForm.h(1520,28): warning C4566: символ, представленный универсальным именем символа "\u0430", невозможно представить в текущей кодовой странице (1252)
D:\study\lab1Nimeric\lab1Nimeric\MyForm.h(1520,28): warning C4566: символ, представленный универсальным именем символа "\u0433", невозможно представить в текущей кодовой странице (1252)
D:\study\lab1Nimeric\lab1Nimeric\MyForm.h(1520,28): warning C4566: символ, представленный универсальным именем символа "\u043C", невозможно представить в текущей кодовой странице (1252)
D:\study\lab1Nimeric\lab1Nimeric\MyForm.h(1520,28): warning C4566: символ, представленный универсальным именем символа "\u0432", невозможно представить в текущей кодовой странице (1252)
D:\study\lab1Nimeric\lab1Nimeric\MyForm.h(1520,28): warning C4566: символ, представленный универсальным именем символа "\u0437", невозможно представить в текущей кодовой странице (1252)
D:\study\lab1Nimeric\lab1Nimeric\MyForm.h(1520,28): warning C4566: символ, представленный универсальным именем символа "\u044C", невозможно представить в текущей кодовой странице (1252)
D:\study\lab1Nimeric\lab1Nimeric\MyForm.h(1615,63): warning C4566: символ, представленный универсальным именем символа "\u0422", невозможно представить в текущей кодовой странице (1252)
D:\study\lab1Nimeric\lab1Nimeric\MyForm.h(1615,63): warning C4566: символ, представленный универсальным именем символа "\u0435", невозможно представить в текущей кодовой странице (1252)
D:\study\lab1Nimeric\lab1Nimeric\MyForm.h(1615,63): warning C4566: символ, представленный универсальным именем символа "\u0441", невозможно представить в текущей кодовой странице (1252)
D:\study\lab1Nimeric\lab1Nimeric\MyForm.h(1615,63): warning C4566: символ, представленный универсальным именем символа "\u0442", невозможно представить в текущей кодовой странице (1252)
D:\study\lab1Nimeric\lab1Nimeric\MyForm.h(1615,63): warning C4566: символ, представленный универсальным именем символа "\u043E", невозможно представить в текущей кодовой странице (1252)
D:\study\lab1Nimeric\lab1Nimeric\MyForm.h(1615,63): warning C4566: символ, представленный универсальным именем символа "\u0432", невозможно представить в текущей кодовой странице (1252)
D:\study\lab1Nimeric\lab1Nimeric\MyForm.h(1615,63): warning C4566: символ, представленный универсальным именем символа "\u0430", невозможно представить в текущей кодовой странице (1252)
D:\study\lab1Nimeric\lab1Nimeric\MyForm.h(1615,63): warning C4566: символ, представленный универсальным именем символа "\u044F", невозможно представить в текущей кодовой странице (1252)
D:\study\lab1Nimeric\lab1Nimeric\MyForm.h(1621,63): warning C4566: символ, представленный универсальным именем символа "\u041E", невозможно представить в текущей кодовой странице (1252)
D:\study\lab1Nimeric\lab1Nimeric\MyForm.h(1621,63): warning C4566: символ, представленный универсальным именем символа "\u0441", невозможно представить в текущей кодовой странице (1252)
D:\study\lab1Nimeric\lab1Nimeric\MyForm.h(1621,63): warning C4566: символ, представленный универсальным именем символа "\u043D", невозможно представить в текущей кодовой странице (1252)
D:\study\lab1Nimeric\lab1Nimeric\MyForm.h(1621,63): warning C4566: символ, представленный универсальным именем символа "\u043E", невозможно представить в текущей кодовой странице (1252)
D:\study\lab1Nimeric\lab1Nimeric\MyForm.h(1621,63): warning C4566: символ, представленный универсальным именем символа "\u0432", невозможно представить в текущей кодовой странице (1252)
D:\study\lab1Nimeric\lab1Nimeric\MyForm.h(1621,63): warning C4566: символ, представленный универсальным именем символа "\u0430", невозможно представить в текущей кодовой странице (1252)
D:\study\lab1Nimeric\lab1Nimeric\MyForm.h(1621,63): warning C4566: символ, представленный универсальным именем символа "\u044F", невозможно представить в текущей кодовой странице (1252)
D:\study\lab1Nimeric\lab1Nimeric\MyForm.h(1633,61): warning C4566: символ, представленный универсальным именем символа "\u041E", невозможно представить в текущей кодовой странице (1252)
D:\study\lab1Nimeric\lab1Nimeric\MyForm.h(1633,61): warning C4566: символ, представленный универсальным именем символа "\u0441", невозможно представить в текущей кодовой странице (1252)
D:\study\lab1Nimeric\lab1Nimeric\MyForm.h(1633,61): warning C4566: символ, представленный универсальным именем символа "\u043D", невозможно представить в текущей кодовой странице (1252)
D:\study\lab1Nimeric\lab1Nimeric\MyForm.h(1633,61): warning C4566: символ, представленный универсальным именем символа "\u043E", невозможно представить в текущей кодовой странице (1252)
D:\study\lab1Nimeric\lab1Nimeric\MyForm.h(1633,61): warning C4566: символ, представленный универсальным именем символа "\u0432", невозможно представить в текущей кодовой странице (1252)
D:\study\lab1Nimeric\lab1Nimeric\MyForm.h(1633,61): warning C4566: символ, представленный универсальным именем символа "\u0430", невозможно представить в текущей кодовой странице (1252)
D:\study\lab1Nimeric\lab1Nimeric\MyForm.h(1633,61): warning C4566: символ, представленный универсальным именем символа "\u044F", невозможно представить в текущей кодовой странице (1252)
D:\study\lab1Nimeric\lab1Nimeric\MyForm.h(1672,61): warning C4566: символ, представленный универсальным именем символа "\u0422", невозможно представить в текущей кодовой странице (1252)
D:\study\lab1Nimeric\lab1Nimeric\MyForm.h(1672,61): warning C4566: символ, представленный универсальным именем символа "\u0435", невозможно представить в текущей кодовой странице (1252)
D:\study\lab1Nimeric\lab1Nimeric\MyForm.h(1672,61): warning C4566: символ, представленный универсальным именем символа "\u0441", невозможно представить в текущей кодовой странице (1252)
D:\study\lab1Nimeric\lab1Nimeric\MyForm.h(1672,61): warning C4566: символ, представленный универсальным именем символа "\u0442", невозможно представить в текущей кодовой странице (1252)
D:\study\lab1Nimeric\lab1Nimeric\MyForm.h(1672,61): warning C4566: символ, представленный универсальным именем символа "\u043E", невозможно представить в текущей кодовой странице (1252)
D:\study\lab1Nimeric\lab1Nimeric\MyForm.h(1672,61): warning C4566: символ, представленный универсальным именем символа "\u0432", невозможно представить в текущей кодовой странице (1252)
D:\study\lab1Nimeric\lab1Nimeric\MyForm.h(1672,61): warning C4566: символ, представленный универсальным именем символа "\u0430", невозможно представить в текущей кодовой странице (1252)
D:\study\lab1Nimeric\lab1Nimeric\MyForm.h(1672,61): warning C4566: символ, представленный универсальным именем символа "\u044F", невозможно представить в текущей кодовой странице (1252)
D:\study\lab1Nimeric\lab1Nimeric\MyForm.h(1676,61): warning C4566: символ, представленный универсальным именем символа "\u041E", невозможно представить в текущей кодовой странице (1252)
D:\study\lab1Nimeric\lab1Nimeric\MyForm.h(1676,61): warning C4566: символ, представленный универсальным именем символа "\u0441", невозможно представить в текущей кодовой странице (1252)
D:\study\lab1Nimeric\lab1Nimeric\MyForm.h(1676,61): warning C4566: символ, представленный универсальным именем символа "\u043D", невозможно представить в текущей кодовой странице (1252)
D:\study\lab1Nimeric\lab1Nimeric\MyForm.h(1676,61): warning C4566: символ, представленный универсальным именем символа "\u043E", невозможно представить в текущей кодовой странице (1252)
D:\study\lab1Nimeric\lab1Nimeric\MyForm.h(1676,61): warning C4566: символ, представленный универсальным именем символа "\u0432", невозможно представить в текущей кодовой странице (1252)
D:\study\lab1Nimeric\lab1Nimeric\MyForm.h(1676,61): warning C4566: символ, представленный универсальным именем символа "\u0430", невозможно представить в текущей кодовой странице (1252)
D:\study\lab1Nimeric\lab1Nimeric\MyForm.h(1676,61): warning C4566: символ, представленный универсальным именем символа "\u044F", невозможно представить в текущей кодовой странице (1252)
D:\study\lab1Nimeric\lab1Nimeric\MyForm.h(1244,79): warning C4244: аргумент: преобразование "double" в "int", возможна потеря данных
D:\study\lab1Nimeric\lab1Nimeric\MyForm.h(1298,1): warning C4267: инициализация: преобразование из "size_t" в "int"; возможна потеря данных
D:\study\lab1Nimeric\lab1Nimeric\MyForm.h(1357,1): warning C4267: инициализация: преобразование из "size_t" в "int"; возможна потеря данных
D:\study\lab1Nimeric\lab1Nimeric\MyForm.h(1364,86): warning C4244: аргумент: преобразование "double" в "int", возможна потеря данных
D:\study\lab1Nimeric\lab1Nimeric\MyForm.h(1391,1): warning C4267: инициализация: преобразование из "size_t" в "int"; возможна потеря данных
D:\study\lab1Nimeric\lab1Nimeric\MyForm.h(1451,109): warning C4244: аргумент: преобразование "double" в "int", возможна потеря данных
D:\study\lab1Nimeric\lab1Nimeric\MyForm.h(1483,1): warning C4267: инициализация: преобразование из "size_t" в "int"; возможна потеря данных
  Создание кода...
  equations.obj : обнаружен модуль MSIL; для MSIL последовательная компоновка отключена; выполняется полная компоновка
  lab1Nimeric.vcxproj -> D:\study\lab1Nimeric\x64\Debug\lab1Nimeric.exe
